<?xml version="1.0" encoding="UTF-8"?>
<testsuite name="com.valeryk.test.BookingTest" tests="7" skipped="0" failures="0" errors="0" timestamp="2021-09-24T07:31:44" hostname="EPPLGDAW03D4" time="5.31">
  <properties/>
  <testcase name="updateBookingTest()" classname="com.valeryk.test.BookingTest" time="1.947"/>
  <testcase name="pingTest()" classname="com.valeryk.test.BookingTest" time="0.539"/>
  <testcase name="getBookingTest()" classname="com.valeryk.test.BookingTest" time="0.52"/>
  <testcase name="partialUpdateTest()" classname="com.valeryk.test.BookingTest" time="0.654"/>
  <testcase name="createBookingTest()" classname="com.valeryk.test.BookingTest" time="0.509"/>
  <testcase name="getBookingIDTest()" classname="com.valeryk.test.BookingTest" time="0.504"/>
  <testcase name="deleteTest()" classname="com.valeryk.test.BookingTest" time="0.633"/>
  <system-out><![CDATA[]]></system-out>
  <system-err><![CDATA[]]></system-err>
</testsuite>
