<?xml version="1.0" encoding="UTF-8"?>
<testsuite name="com.valeryk.test.TokenTest" tests="2" skipped="0" failures="0" errors="0" timestamp="2021-09-24T07:31:54" hostname="EPPLGDAW03D4" time="1.133">
  <properties/>
  <testcase name="tokenCreationPositiveTest()" classname="com.valeryk.test.TokenTest" time="0.129"/>
  <testcase name="tokenCreationNegativeTest()" classname="com.valeryk.test.TokenTest" time="1.001"/>
  <system-out><![CDATA[]]></system-out>
  <system-err><![CDATA[]]></system-err>
</testsuite>
