<?xml version="1.0" encoding="UTF-8"?>
<testsuite name="test.BookingTest" tests="1" skipped="0" failures="0" errors="0" timestamp="2021-09-10T09:10:00" hostname="EPPLGDAW03D4" time="0.775">
  <properties/>
  <testcase name="getBookingTest()" classname="test.BookingTest" time="0.775"/>
  <system-out><![CDATA[{"firstname":"Sally","lastname":"Jones","totalprice":936,"depositpaid":false,"bookingdates":{"checkin":"2016-10-06","checkout":"2017-11-29"}}
]]></system-out>
  <system-err><![CDATA[]]></system-err>
</testsuite>
