<?xml version="1.0" encoding="UTF-8"?>
<testsuite name="GenderApiPositiveTest" tests="3" skipped="0" failures="0" errors="0" timestamp="2021-10-13T10:54:54" hostname="EPPLGDAW03D4" time="8.13">
  <properties/>
  <testcase name="defineGenderTest()" classname="GenderApiPositiveTest" time="6.366"/>
  <testcase name="batchUsageTest()" classname="GenderApiPositiveTest" time="0.905"/>
  <testcase name="localizationTest()" classname="GenderApiPositiveTest" time="0.846"/>
  <system-out><![CDATA[]]></system-out>
  <system-err><![CDATA[]]></system-err>
</testsuite>
